<?xml version="1.0" encoding="UTF-8"?>
<testsuite xmlns:xsi="http://www.w3.org/2001/XMLSchema-instance" xsi:noNamespaceSchemaLocation="https://maven.apache.org/surefire/maven-surefire-plugin/xsd/surefire-test-report.xsd" name="TestSpringBoot" time="45.771" tests="2" errors="0" skipped="0" failures="0">
  <properties>
    <property name="java.specification.version" value="14"/>
    <property name="sun.cpu.isalist" value="amd64"/>
    <property name="sun.jnu.encoding" value="GBK"/>
    <property name="java.class.path" value="E:\test\SpringBoot-Test\target\test-classes;E:\test\SpringBoot-Test\target\classes;E:\JAVA\Maven\repository\org\springframework\boot\spring-boot-starter-web\2.3.3.RELEASE\spring-boot-starter-web-2.3.3.RELEASE.jar;E:\JAVA\Maven\repository\org\springframework\boot\spring-boot-starter\2.3.3.RELEASE\spring-boot-starter-2.3.3.RELEASE.jar;E:\JAVA\Maven\repository\org\springframework\boot\spring-boot-starter-logging\2.3.3.RELEASE\spring-boot-starter-logging-2.3.3.RELEASE.jar;E:\JAVA\Maven\repository\ch\qos\logback\logback-classic\1.2.3\logback-classic-1.2.3.jar;E:\JAVA\Maven\repository\ch\qos\logback\logback-core\1.2.3\logback-core-1.2.3.jar;E:\JAVA\Maven\repository\org\apache\logging\log4j\log4j-to-slf4j\2.13.3\log4j-to-slf4j-2.13.3.jar;E:\JAVA\Maven\repository\org\apache\logging\log4j\log4j-api\2.13.3\log4j-api-2.13.3.jar;E:\JAVA\Maven\repository\org\slf4j\jul-to-slf4j\1.7.30\jul-to-slf4j-1.7.30.jar;E:\JAVA\Maven\repository\jakarta\annotation\jakarta.annotation-api\1.3.5\jakarta.annotation-api-1.3.5.jar;E:\JAVA\Maven\repository\org\yaml\snakeyaml\1.26\snakeyaml-1.26.jar;E:\JAVA\Maven\repository\org\springframework\boot\spring-boot-starter-json\2.3.3.RELEASE\spring-boot-starter-json-2.3.3.RELEASE.jar;E:\JAVA\Maven\repository\com\fasterxml\jackson\core\jackson-databind\2.11.2\jackson-databind-2.11.2.jar;E:\JAVA\Maven\repository\com\fasterxml\jackson\core\jackson-annotations\2.11.2\jackson-annotations-2.11.2.jar;E:\JAVA\Maven\repository\com\fasterxml\jackson\core\jackson-core\2.11.2\jackson-core-2.11.2.jar;E:\JAVA\Maven\repository\com\fasterxml\jackson\datatype\jackson-datatype-jdk8\2.11.2\jackson-datatype-jdk8-2.11.2.jar;E:\JAVA\Maven\repository\com\fasterxml\jackson\datatype\jackson-datatype-jsr310\2.11.2\jackson-datatype-jsr310-2.11.2.jar;E:\JAVA\Maven\repository\com\fasterxml\jackson\module\jackson-module-parameter-names\2.11.2\jackson-module-parameter-names-2.11.2.jar;E:\JAVA\Maven\repository\org\springframework\boot\spring-boot-starter-tomcat\2.3.3.RELEASE\spring-boot-starter-tomcat-2.3.3.RELEASE.jar;E:\JAVA\Maven\repository\org\apache\tomcat\embed\tomcat-embed-core\9.0.37\tomcat-embed-core-9.0.37.jar;E:\JAVA\Maven\repository\org\glassfish\jakarta.el\3.0.3\jakarta.el-3.0.3.jar;E:\JAVA\Maven\repository\org\apache\tomcat\embed\tomcat-embed-websocket\9.0.37\tomcat-embed-websocket-9.0.37.jar;E:\JAVA\Maven\repository\org\springframework\spring-web\5.2.8.RELEASE\spring-web-5.2.8.RELEASE.jar;E:\JAVA\Maven\repository\org\springframework\spring-beans\5.2.8.RELEASE\spring-beans-5.2.8.RELEASE.jar;E:\JAVA\Maven\repository\org\springframework\spring-webmvc\5.2.8.RELEASE\spring-webmvc-5.2.8.RELEASE.jar;E:\JAVA\Maven\repository\org\springframework\spring-aop\5.2.8.RELEASE\spring-aop-5.2.8.RELEASE.jar;E:\JAVA\Maven\repository\org\springframework\spring-context\5.2.8.RELEASE\spring-context-5.2.8.RELEASE.jar;E:\JAVA\Maven\repository\org\springframework\spring-expression\5.2.8.RELEASE\spring-expression-5.2.8.RELEASE.jar;E:\JAVA\Maven\repository\org\springframework\boot\spring-boot-devtools\2.3.3.RELEASE\spring-boot-devtools-2.3.3.RELEASE.jar;E:\JAVA\Maven\repository\org\springframework\boot\spring-boot\2.3.3.RELEASE\spring-boot-2.3.3.RELEASE.jar;E:\JAVA\Maven\repository\org\springframework\boot\spring-boot-autoconfigure\2.3.3.RELEASE\spring-boot-autoconfigure-2.3.3.RELEASE.jar;E:\JAVA\Maven\repository\org\springframework\boot\spring-boot-starter-test\2.3.3.RELEASE\spring-boot-starter-test-2.3.3.RELEASE.jar;E:\JAVA\Maven\repository\org\springframework\boot\spring-boot-test\2.3.3.RELEASE\spring-boot-test-2.3.3.RELEASE.jar;E:\JAVA\Maven\repository\org\springframework\boot\spring-boot-test-autoconfigure\2.3.3.RELEASE\spring-boot-test-autoconfigure-2.3.3.RELEASE.jar;E:\JAVA\Maven\repository\com\jayway\jsonpath\json-path\2.4.0\json-path-2.4.0.jar;E:\JAVA\Maven\repository\net\minidev\json-smart\2.3\json-smart-2.3.jar;E:\JAVA\Maven\repository\net\minidev\accessors-smart\1.2\accessors-smart-1.2.jar;E:\JAVA\Maven\repository\org\ow2\asm\asm\5.0.4\asm-5.0.4.jar;E:\JAVA\Maven\repository\org\slf4j\slf4j-api\1.7.30\slf4j-api-1.7.30.jar;E:\JAVA\Maven\repository\jakarta\xml\bind\jakarta.xml.bind-api\2.3.3\jakarta.xml.bind-api-2.3.3.jar;E:\JAVA\Maven\repository\jakarta\activation\jakarta.activation-api\1.2.2\jakarta.activation-api-1.2.2.jar;E:\JAVA\Maven\repository\org\assertj\assertj-core\3.16.1\assertj-core-3.16.1.jar;E:\JAVA\Maven\repository\org\hamcrest\hamcrest\2.2\hamcrest-2.2.jar;E:\JAVA\Maven\repository\org\junit\jupiter\junit-jupiter\5.6.2\junit-jupiter-5.6.2.jar;E:\JAVA\Maven\repository\org\junit\jupiter\junit-jupiter-api\5.6.2\junit-jupiter-api-5.6.2.jar;E:\JAVA\Maven\repository\org\opentest4j\opentest4j\1.2.0\opentest4j-1.2.0.jar;E:\JAVA\Maven\repository\org\junit\platform\junit-platform-commons\1.6.2\junit-platform-commons-1.6.2.jar;E:\JAVA\Maven\repository\org\junit\jupiter\junit-jupiter-params\5.6.2\junit-jupiter-params-5.6.2.jar;E:\JAVA\Maven\repository\org\junit\jupiter\junit-jupiter-engine\5.6.2\junit-jupiter-engine-5.6.2.jar;E:\JAVA\Maven\repository\org\junit\vintage\junit-vintage-engine\5.6.2\junit-vintage-engine-5.6.2.jar;E:\JAVA\Maven\repository\org\apiguardian\apiguardian-api\1.1.0\apiguardian-api-1.1.0.jar;E:\JAVA\Maven\repository\org\junit\platform\junit-platform-engine\1.6.2\junit-platform-engine-1.6.2.jar;E:\JAVA\Maven\repository\junit\junit\4.13\junit-4.13.jar;E:\JAVA\Maven\repository\org\mockito\mockito-core\3.3.3\mockito-core-3.3.3.jar;E:\JAVA\Maven\repository\net\bytebuddy\byte-buddy\1.10.14\byte-buddy-1.10.14.jar;E:\JAVA\Maven\repository\net\bytebuddy\byte-buddy-agent\1.10.14\byte-buddy-agent-1.10.14.jar;E:\JAVA\Maven\repository\org\objenesis\objenesis\2.6\objenesis-2.6.jar;E:\JAVA\Maven\repository\org\mockito\mockito-junit-jupiter\3.3.3\mockito-junit-jupiter-3.3.3.jar;E:\JAVA\Maven\repository\org\skyscreamer\jsonassert\1.5.0\jsonassert-1.5.0.jar;E:\JAVA\Maven\repository\com\vaadin\external\google\android-json\0.0.20131108.vaadin1\android-json-0.0.20131108.vaadin1.jar;E:\JAVA\Maven\repository\org\springframework\spring-core\5.2.8.RELEASE\spring-core-5.2.8.RELEASE.jar;E:\JAVA\Maven\repository\org\springframework\spring-jcl\5.2.8.RELEASE\spring-jcl-5.2.8.RELEASE.jar;E:\JAVA\Maven\repository\org\springframework\spring-test\5.2.8.RELEASE\spring-test-5.2.8.RELEASE.jar;E:\JAVA\Maven\repository\org\xmlunit\xmlunit-core\2.7.0\xmlunit-core-2.7.0.jar;E:\JAVA\Maven\repository\org\mybatis\spring\boot\mybatis-spring-boot-starter\1.3.2\mybatis-spring-boot-starter-1.3.2.jar;E:\JAVA\Maven\repository\org\springframework\boot\spring-boot-starter-jdbc\2.3.3.RELEASE\spring-boot-starter-jdbc-2.3.3.RELEASE.jar;E:\JAVA\Maven\repository\com\zaxxer\HikariCP\3.4.5\HikariCP-3.4.5.jar;E:\JAVA\Maven\repository\org\springframework\spring-jdbc\5.2.8.RELEASE\spring-jdbc-5.2.8.RELEASE.jar;E:\JAVA\Maven\repository\org\springframework\spring-tx\5.2.8.RELEASE\spring-tx-5.2.8.RELEASE.jar;E:\JAVA\Maven\repository\org\mybatis\spring\boot\mybatis-spring-boot-autoconfigure\1.3.2\mybatis-spring-boot-autoconfigure-1.3.2.jar;E:\JAVA\Maven\repository\org\mybatis\mybatis\3.4.6\mybatis-3.4.6.jar;E:\JAVA\Maven\repository\org\mybatis\mybatis-spring\1.3.2\mybatis-spring-1.3.2.jar;E:\JAVA\Maven\repository\mysql\mysql-connector-java\5.1.48\mysql-connector-java-5.1.48.jar;E:\JAVA\Maven\repository\com\alibaba\druid\1.1.23\druid-1.1.23.jar;E:\JAVA\Maven\repository\com\github\pagehelper\pagehelper-spring-boot-starter\1.3.0\pagehelper-spring-boot-starter-1.3.0.jar;E:\JAVA\Maven\repository\com\github\pagehelper\pagehelper-spring-boot-autoconfigure\1.3.0\pagehelper-spring-boot-autoconfigure-1.3.0.jar;E:\JAVA\Maven\repository\com\github\pagehelper\pagehelper\5.2.0\pagehelper-5.2.0.jar;E:\JAVA\Maven\repository\com\github\jsqlparser\jsqlparser\3.2\jsqlparser-3.2.jar;E:\JAVA\Maven\repository\log4j\log4j\1.2.16\log4j-1.2.16.jar;E:\JAVA\Maven\repository\org\apache\shiro\shiro-all\1.5.1\shiro-all-1.5.1.jar;E:\JAVA\Maven\repository\org\apache\shiro\shiro-lang\1.5.1\shiro-lang-1.5.1.jar;E:\JAVA\Maven\repository\org\apache\shiro\shiro-config-core\1.5.1\shiro-config-core-1.5.1.jar;E:\JAVA\Maven\repository\org\apache\shiro\shiro-config-ogdl\1.5.1\shiro-config-ogdl-1.5.1.jar;E:\JAVA\Maven\repository\commons-beanutils\commons-beanutils\1.9.4\commons-beanutils-1.9.4.jar;E:\JAVA\Maven\repository\commons-collections\commons-collections\3.2.2\commons-collections-3.2.2.jar;E:\JAVA\Maven\repository\org\apache\shiro\shiro-crypto-core\1.5.1\shiro-crypto-core-1.5.1.jar;E:\JAVA\Maven\repository\org\apache\shiro\shiro-crypto-hash\1.5.1\shiro-crypto-hash-1.5.1.jar;E:\JAVA\Maven\repository\org\apache\shiro\shiro-crypto-cipher\1.5.1\shiro-crypto-cipher-1.5.1.jar;E:\JAVA\Maven\repository\org\apache\shiro\shiro-event\1.5.1\shiro-event-1.5.1.jar;E:\JAVA\Maven\repository\org\apache\shiro\shiro-core\1.5.1\shiro-core-1.5.1.jar;E:\JAVA\Maven\repository\org\apache\shiro\shiro-cache\1.5.1\shiro-cache-1.5.1.jar;E:\JAVA\Maven\repository\org\apache\shiro\shiro-web\1.5.1\shiro-web-1.5.1.jar;E:\JAVA\Maven\repository\org\owasp\encoder\encoder\1.2.2\encoder-1.2.2.jar;E:\JAVA\Maven\repository\org\apache\shiro\shiro-aspectj\1.5.1\shiro-aspectj-1.5.1.jar;E:\JAVA\Maven\repository\org\aspectj\aspectjrt\1.9.6\aspectjrt-1.9.6.jar;E:\JAVA\Maven\repository\org\aspectj\aspectjweaver\1.9.6\aspectjweaver-1.9.6.jar;E:\JAVA\Maven\repository\org\apache\shiro\shiro-ehcache\1.5.1\shiro-ehcache-1.5.1.jar;E:\JAVA\Maven\repository\net\sf\ehcache\ehcache-core\2.6.11\ehcache-core-2.6.11.jar;E:\JAVA\Maven\repository\org\apache\shiro\shiro-guice\1.5.1\shiro-guice-1.5.1.jar;E:\JAVA\Maven\repository\com\google\inject\guice\4.2.2\guice-4.2.2.jar;E:\JAVA\Maven\repository\javax\inject\javax.inject\1\javax.inject-1.jar;E:\JAVA\Maven\repository\aopalliance\aopalliance\1.0\aopalliance-1.0.jar;E:\JAVA\Maven\repository\com\google\guava\guava\25.1-android\guava-25.1-android.jar;E:\JAVA\Maven\repository\com\google\code\findbugs\jsr305\3.0.2\jsr305-3.0.2.jar;E:\JAVA\Maven\repository\org\checkerframework\checker-compat-qual\2.0.0\checker-compat-qual-2.0.0.jar;E:\JAVA\Maven\repository\com\google\errorprone\error_prone_annotations\2.1.3\error_prone_annotations-2.1.3.jar;E:\JAVA\Maven\repository\com\google\j2objc\j2objc-annotations\1.1\j2objc-annotations-1.1.jar;E:\JAVA\Maven\repository\org\codehaus\mojo\animal-sniffer-annotations\1.14\animal-sniffer-annotations-1.14.jar;E:\JAVA\Maven\repository\com\google\inject\extensions\guice-multibindings\4.2.2\guice-multibindings-4.2.2.jar;E:\JAVA\Maven\repository\javax\annotation\javax.annotation-api\1.3.2\javax.annotation-api-1.3.2.jar;E:\JAVA\Maven\repository\org\apache\shiro\shiro-hazelcast\1.5.1\shiro-hazelcast-1.5.1.jar;E:\JAVA\Maven\repository\com\hazelcast\hazelcast\3.12.8\hazelcast-3.12.8.jar;E:\JAVA\Maven\repository\org\apache\shiro\shiro-quartz\1.5.1\shiro-quartz-1.5.1.jar;E:\JAVA\Maven\repository\org\quartz-scheduler\quartz\2.3.2\quartz-2.3.2.jar;E:\JAVA\Maven\repository\com\mchange\mchange-commons-java\0.2.15\mchange-commons-java-0.2.15.jar;E:\JAVA\Maven\repository\org\apache\shiro\shiro-spring\1.5.1\shiro-spring-1.5.1.jar;E:\JAVA\Maven\repository\org\projectlombok\lombok\1.18.12\lombok-1.18.12.jar;E:\JAVA\Maven\repository\org\springframework\boot\spring-boot-configuration-processor\2.3.3.RELEASE\spring-boot-configuration-processor-2.3.3.RELEASE.jar;"/>
    <property name="java.vm.vendor" value="Oracle Corporation"/>
    <property name="sun.arch.data.model" value="64"/>
    <property name="user.variant" value=""/>
    <property name="java.vendor.url" value="https://java.oracle.com/"/>
    <property name="user.timezone" value="Asia/Shanghai"/>
    <property name="os.name" value="Windows 10"/>
    <property name="java.vm.specification.version" value="14"/>
    <property name="sun.java.launcher" value="SUN_STANDARD"/>
    <property name="user.country" value="CN"/>
    <property name="sun.boot.library.path" value="E:\JAVA\jdk\bin"/>
    <property name="sun.java.command" value="C:\Users\ADMINI~1\AppData\Local\Temp\surefire15437135526684261136\surefirebooter9350306548644120604.jar C:\Users\Administrator\AppData\Local\Temp\surefire15437135526684261136 2020-08-30T11-09-22_972-jvmRun1 surefire14580323398704449864tmp surefire_02098483494938742048tmp"/>
    <property name="jdk.debug" value="release"/>
    <property name="surefire.test.class.path" value="E:\test\SpringBoot-Test\target\test-classes;E:\test\SpringBoot-Test\target\classes;E:\JAVA\Maven\repository\org\springframework\boot\spring-boot-starter-web\2.3.3.RELEASE\spring-boot-starter-web-2.3.3.RELEASE.jar;E:\JAVA\Maven\repository\org\springframework\boot\spring-boot-starter\2.3.3.RELEASE\spring-boot-starter-2.3.3.RELEASE.jar;E:\JAVA\Maven\repository\org\springframework\boot\spring-boot-starter-logging\2.3.3.RELEASE\spring-boot-starter-logging-2.3.3.RELEASE.jar;E:\JAVA\Maven\repository\ch\qos\logback\logback-classic\1.2.3\logback-classic-1.2.3.jar;E:\JAVA\Maven\repository\ch\qos\logback\logback-core\1.2.3\logback-core-1.2.3.jar;E:\JAVA\Maven\repository\org\apache\logging\log4j\log4j-to-slf4j\2.13.3\log4j-to-slf4j-2.13.3.jar;E:\JAVA\Maven\repository\org\apache\logging\log4j\log4j-api\2.13.3\log4j-api-2.13.3.jar;E:\JAVA\Maven\repository\org\slf4j\jul-to-slf4j\1.7.30\jul-to-slf4j-1.7.30.jar;E:\JAVA\Maven\repository\jakarta\annotation\jakarta.annotation-api\1.3.5\jakarta.annotation-api-1.3.5.jar;E:\JAVA\Maven\repository\org\yaml\snakeyaml\1.26\snakeyaml-1.26.jar;E:\JAVA\Maven\repository\org\springframework\boot\spring-boot-starter-json\2.3.3.RELEASE\spring-boot-starter-json-2.3.3.RELEASE.jar;E:\JAVA\Maven\repository\com\fasterxml\jackson\core\jackson-databind\2.11.2\jackson-databind-2.11.2.jar;E:\JAVA\Maven\repository\com\fasterxml\jackson\core\jackson-annotations\2.11.2\jackson-annotations-2.11.2.jar;E:\JAVA\Maven\repository\com\fasterxml\jackson\core\jackson-core\2.11.2\jackson-core-2.11.2.jar;E:\JAVA\Maven\repository\com\fasterxml\jackson\datatype\jackson-datatype-jdk8\2.11.2\jackson-datatype-jdk8-2.11.2.jar;E:\JAVA\Maven\repository\com\fasterxml\jackson\datatype\jackson-datatype-jsr310\2.11.2\jackson-datatype-jsr310-2.11.2.jar;E:\JAVA\Maven\repository\com\fasterxml\jackson\module\jackson-module-parameter-names\2.11.2\jackson-module-parameter-names-2.11.2.jar;E:\JAVA\Maven\repository\org\springframework\boot\spring-boot-starter-tomcat\2.3.3.RELEASE\spring-boot-starter-tomcat-2.3.3.RELEASE.jar;E:\JAVA\Maven\repository\org\apache\tomcat\embed\tomcat-embed-core\9.0.37\tomcat-embed-core-9.0.37.jar;E:\JAVA\Maven\repository\org\glassfish\jakarta.el\3.0.3\jakarta.el-3.0.3.jar;E:\JAVA\Maven\repository\org\apache\tomcat\embed\tomcat-embed-websocket\9.0.37\tomcat-embed-websocket-9.0.37.jar;E:\JAVA\Maven\repository\org\springframework\spring-web\5.2.8.RELEASE\spring-web-5.2.8.RELEASE.jar;E:\JAVA\Maven\repository\org\springframework\spring-beans\5.2.8.RELEASE\spring-beans-5.2.8.RELEASE.jar;E:\JAVA\Maven\repository\org\springframework\spring-webmvc\5.2.8.RELEASE\spring-webmvc-5.2.8.RELEASE.jar;E:\JAVA\Maven\repository\org\springframework\spring-aop\5.2.8.RELEASE\spring-aop-5.2.8.RELEASE.jar;E:\JAVA\Maven\repository\org\springframework\spring-context\5.2.8.RELEASE\spring-context-5.2.8.RELEASE.jar;E:\JAVA\Maven\repository\org\springframework\spring-expression\5.2.8.RELEASE\spring-expression-5.2.8.RELEASE.jar;E:\JAVA\Maven\repository\org\springframework\boot\spring-boot-devtools\2.3.3.RELEASE\spring-boot-devtools-2.3.3.RELEASE.jar;E:\JAVA\Maven\repository\org\springframework\boot\spring-boot\2.3.3.RELEASE\spring-boot-2.3.3.RELEASE.jar;E:\JAVA\Maven\repository\org\springframework\boot\spring-boot-autoconfigure\2.3.3.RELEASE\spring-boot-autoconfigure-2.3.3.RELEASE.jar;E:\JAVA\Maven\repository\org\springframework\boot\spring-boot-starter-test\2.3.3.RELEASE\spring-boot-starter-test-2.3.3.RELEASE.jar;E:\JAVA\Maven\repository\org\springframework\boot\spring-boot-test\2.3.3.RELEASE\spring-boot-test-2.3.3.RELEASE.jar;E:\JAVA\Maven\repository\org\springframework\boot\spring-boot-test-autoconfigure\2.3.3.RELEASE\spring-boot-test-autoconfigure-2.3.3.RELEASE.jar;E:\JAVA\Maven\repository\com\jayway\jsonpath\json-path\2.4.0\json-path-2.4.0.jar;E:\JAVA\Maven\repository\net\minidev\json-smart\2.3\json-smart-2.3.jar;E:\JAVA\Maven\repository\net\minidev\accessors-smart\1.2\accessors-smart-1.2.jar;E:\JAVA\Maven\repository\org\ow2\asm\asm\5.0.4\asm-5.0.4.jar;E:\JAVA\Maven\repository\org\slf4j\slf4j-api\1.7.30\slf4j-api-1.7.30.jar;E:\JAVA\Maven\repository\jakarta\xml\bind\jakarta.xml.bind-api\2.3.3\jakarta.xml.bind-api-2.3.3.jar;E:\JAVA\Maven\repository\jakarta\activation\jakarta.activation-api\1.2.2\jakarta.activation-api-1.2.2.jar;E:\JAVA\Maven\repository\org\assertj\assertj-core\3.16.1\assertj-core-3.16.1.jar;E:\JAVA\Maven\repository\org\hamcrest\hamcrest\2.2\hamcrest-2.2.jar;E:\JAVA\Maven\repository\org\junit\jupiter\junit-jupiter\5.6.2\junit-jupiter-5.6.2.jar;E:\JAVA\Maven\repository\org\junit\jupiter\junit-jupiter-api\5.6.2\junit-jupiter-api-5.6.2.jar;E:\JAVA\Maven\repository\org\opentest4j\opentest4j\1.2.0\opentest4j-1.2.0.jar;E:\JAVA\Maven\repository\org\junit\platform\junit-platform-commons\1.6.2\junit-platform-commons-1.6.2.jar;E:\JAVA\Maven\repository\org\junit\jupiter\junit-jupiter-params\5.6.2\junit-jupiter-params-5.6.2.jar;E:\JAVA\Maven\repository\org\junit\jupiter\junit-jupiter-engine\5.6.2\junit-jupiter-engine-5.6.2.jar;E:\JAVA\Maven\repository\org\junit\vintage\junit-vintage-engine\5.6.2\junit-vintage-engine-5.6.2.jar;E:\JAVA\Maven\repository\org\apiguardian\apiguardian-api\1.1.0\apiguardian-api-1.1.0.jar;E:\JAVA\Maven\repository\org\junit\platform\junit-platform-engine\1.6.2\junit-platform-engine-1.6.2.jar;E:\JAVA\Maven\repository\junit\junit\4.13\junit-4.13.jar;E:\JAVA\Maven\repository\org\mockito\mockito-core\3.3.3\mockito-core-3.3.3.jar;E:\JAVA\Maven\repository\net\bytebuddy\byte-buddy\1.10.14\byte-buddy-1.10.14.jar;E:\JAVA\Maven\repository\net\bytebuddy\byte-buddy-agent\1.10.14\byte-buddy-agent-1.10.14.jar;E:\JAVA\Maven\repository\org\objenesis\objenesis\2.6\objenesis-2.6.jar;E:\JAVA\Maven\repository\org\mockito\mockito-junit-jupiter\3.3.3\mockito-junit-jupiter-3.3.3.jar;E:\JAVA\Maven\repository\org\skyscreamer\jsonassert\1.5.0\jsonassert-1.5.0.jar;E:\JAVA\Maven\repository\com\vaadin\external\google\android-json\0.0.20131108.vaadin1\android-json-0.0.20131108.vaadin1.jar;E:\JAVA\Maven\repository\org\springframework\spring-core\5.2.8.RELEASE\spring-core-5.2.8.RELEASE.jar;E:\JAVA\Maven\repository\org\springframework\spring-jcl\5.2.8.RELEASE\spring-jcl-5.2.8.RELEASE.jar;E:\JAVA\Maven\repository\org\springframework\spring-test\5.2.8.RELEASE\spring-test-5.2.8.RELEASE.jar;E:\JAVA\Maven\repository\org\xmlunit\xmlunit-core\2.7.0\xmlunit-core-2.7.0.jar;E:\JAVA\Maven\repository\org\mybatis\spring\boot\mybatis-spring-boot-starter\1.3.2\mybatis-spring-boot-starter-1.3.2.jar;E:\JAVA\Maven\repository\org\springframework\boot\spring-boot-starter-jdbc\2.3.3.RELEASE\spring-boot-starter-jdbc-2.3.3.RELEASE.jar;E:\JAVA\Maven\repository\com\zaxxer\HikariCP\3.4.5\HikariCP-3.4.5.jar;E:\JAVA\Maven\repository\org\springframework\spring-jdbc\5.2.8.RELEASE\spring-jdbc-5.2.8.RELEASE.jar;E:\JAVA\Maven\repository\org\springframework\spring-tx\5.2.8.RELEASE\spring-tx-5.2.8.RELEASE.jar;E:\JAVA\Maven\repository\org\mybatis\spring\boot\mybatis-spring-boot-autoconfigure\1.3.2\mybatis-spring-boot-autoconfigure-1.3.2.jar;E:\JAVA\Maven\repository\org\mybatis\mybatis\3.4.6\mybatis-3.4.6.jar;E:\JAVA\Maven\repository\org\mybatis\mybatis-spring\1.3.2\mybatis-spring-1.3.2.jar;E:\JAVA\Maven\repository\mysql\mysql-connector-java\5.1.48\mysql-connector-java-5.1.48.jar;E:\JAVA\Maven\repository\com\alibaba\druid\1.1.23\druid-1.1.23.jar;E:\JAVA\Maven\repository\com\github\pagehelper\pagehelper-spring-boot-starter\1.3.0\pagehelper-spring-boot-starter-1.3.0.jar;E:\JAVA\Maven\repository\com\github\pagehelper\pagehelper-spring-boot-autoconfigure\1.3.0\pagehelper-spring-boot-autoconfigure-1.3.0.jar;E:\JAVA\Maven\repository\com\github\pagehelper\pagehelper\5.2.0\pagehelper-5.2.0.jar;E:\JAVA\Maven\repository\com\github\jsqlparser\jsqlparser\3.2\jsqlparser-3.2.jar;E:\JAVA\Maven\repository\log4j\log4j\1.2.16\log4j-1.2.16.jar;E:\JAVA\Maven\repository\org\apache\shiro\shiro-all\1.5.1\shiro-all-1.5.1.jar;E:\JAVA\Maven\repository\org\apache\shiro\shiro-lang\1.5.1\shiro-lang-1.5.1.jar;E:\JAVA\Maven\repository\org\apache\shiro\shiro-config-core\1.5.1\shiro-config-core-1.5.1.jar;E:\JAVA\Maven\repository\org\apache\shiro\shiro-config-ogdl\1.5.1\shiro-config-ogdl-1.5.1.jar;E:\JAVA\Maven\repository\commons-beanutils\commons-beanutils\1.9.4\commons-beanutils-1.9.4.jar;E:\JAVA\Maven\repository\commons-collections\commons-collections\3.2.2\commons-collections-3.2.2.jar;E:\JAVA\Maven\repository\org\apache\shiro\shiro-crypto-core\1.5.1\shiro-crypto-core-1.5.1.jar;E:\JAVA\Maven\repository\org\apache\shiro\shiro-crypto-hash\1.5.1\shiro-crypto-hash-1.5.1.jar;E:\JAVA\Maven\repository\org\apache\shiro\shiro-crypto-cipher\1.5.1\shiro-crypto-cipher-1.5.1.jar;E:\JAVA\Maven\repository\org\apache\shiro\shiro-event\1.5.1\shiro-event-1.5.1.jar;E:\JAVA\Maven\repository\org\apache\shiro\shiro-core\1.5.1\shiro-core-1.5.1.jar;E:\JAVA\Maven\repository\org\apache\shiro\shiro-cache\1.5.1\shiro-cache-1.5.1.jar;E:\JAVA\Maven\repository\org\apache\shiro\shiro-web\1.5.1\shiro-web-1.5.1.jar;E:\JAVA\Maven\repository\org\owasp\encoder\encoder\1.2.2\encoder-1.2.2.jar;E:\JAVA\Maven\repository\org\apache\shiro\shiro-aspectj\1.5.1\shiro-aspectj-1.5.1.jar;E:\JAVA\Maven\repository\org\aspectj\aspectjrt\1.9.6\aspectjrt-1.9.6.jar;E:\JAVA\Maven\repository\org\aspectj\aspectjweaver\1.9.6\aspectjweaver-1.9.6.jar;E:\JAVA\Maven\repository\org\apache\shiro\shiro-ehcache\1.5.1\shiro-ehcache-1.5.1.jar;E:\JAVA\Maven\repository\net\sf\ehcache\ehcache-core\2.6.11\ehcache-core-2.6.11.jar;E:\JAVA\Maven\repository\org\apache\shiro\shiro-guice\1.5.1\shiro-guice-1.5.1.jar;E:\JAVA\Maven\repository\com\google\inject\guice\4.2.2\guice-4.2.2.jar;E:\JAVA\Maven\repository\javax\inject\javax.inject\1\javax.inject-1.jar;E:\JAVA\Maven\repository\aopalliance\aopalliance\1.0\aopalliance-1.0.jar;E:\JAVA\Maven\repository\com\google\guava\guava\25.1-android\guava-25.1-android.jar;E:\JAVA\Maven\repository\com\google\code\findbugs\jsr305\3.0.2\jsr305-3.0.2.jar;E:\JAVA\Maven\repository\org\checkerframework\checker-compat-qual\2.0.0\checker-compat-qual-2.0.0.jar;E:\JAVA\Maven\repository\com\google\errorprone\error_prone_annotations\2.1.3\error_prone_annotations-2.1.3.jar;E:\JAVA\Maven\repository\com\google\j2objc\j2objc-annotations\1.1\j2objc-annotations-1.1.jar;E:\JAVA\Maven\repository\org\codehaus\mojo\animal-sniffer-annotations\1.14\animal-sniffer-annotations-1.14.jar;E:\JAVA\Maven\repository\com\google\inject\extensions\guice-multibindings\4.2.2\guice-multibindings-4.2.2.jar;E:\JAVA\Maven\repository\javax\annotation\javax.annotation-api\1.3.2\javax.annotation-api-1.3.2.jar;E:\JAVA\Maven\repository\org\apache\shiro\shiro-hazelcast\1.5.1\shiro-hazelcast-1.5.1.jar;E:\JAVA\Maven\repository\com\hazelcast\hazelcast\3.12.8\hazelcast-3.12.8.jar;E:\JAVA\Maven\repository\org\apache\shiro\shiro-quartz\1.5.1\shiro-quartz-1.5.1.jar;E:\JAVA\Maven\repository\org\quartz-scheduler\quartz\2.3.2\quartz-2.3.2.jar;E:\JAVA\Maven\repository\com\mchange\mchange-commons-java\0.2.15\mchange-commons-java-0.2.15.jar;E:\JAVA\Maven\repository\org\apache\shiro\shiro-spring\1.5.1\shiro-spring-1.5.1.jar;E:\JAVA\Maven\repository\org\projectlombok\lombok\1.18.12\lombok-1.18.12.jar;E:\JAVA\Maven\repository\org\springframework\boot\spring-boot-configuration-processor\2.3.3.RELEASE\spring-boot-configuration-processor-2.3.3.RELEASE.jar;"/>
    <property name="sun.cpu.endian" value="little"/>
    <property name="user.home" value="C:\Users\Administrator"/>
    <property name="user.language" value="zh"/>
    <property name="java.specification.vendor" value="Oracle Corporation"/>
    <property name="java.version.date" value="2020-04-14"/>
    <property name="java.home" value="E:\JAVA\jdk"/>
    <property name="file.separator" value="\"/>
    <property name="basedir" value="E:\test\SpringBoot-Test"/>
    <property name="java.vm.compressedOopsMode" value="32-bit"/>
    <property name="line.separator" value="&#10;"/>
    <property name="java.vm.specification.vendor" value="Oracle Corporation"/>
    <property name="java.specification.name" value="Java Platform API Specification"/>
    <property name="surefire.real.class.path" value="C:\Users\ADMINI~1\AppData\Local\Temp\surefire15437135526684261136\surefirebooter9350306548644120604.jar"/>
    <property name="user.script" value=""/>
    <property name="sun.management.compiler" value="HotSpot 64-Bit Tiered Compilers"/>
    <property name="java.runtime.version" value="14.0.1+7"/>
    <property name="user.name" value="Administrator"/>
    <property name="path.separator" value=";"/>
    <property name="os.version" value="10.0"/>
    <property name="java.runtime.name" value="Java(TM) SE Runtime Environment"/>
    <property name="file.encoding" value="GBK"/>
    <property name="java.vm.name" value="Java HotSpot(TM) 64-Bit Server VM"/>
    <property name="idea.version2020.1" value="true"/>
    <property name="localRepository" value="E:\JAVA\Maven\repository"/>
    <property name="java.vendor.url.bug" value="https://bugreport.java.com/bugreport/"/>
    <property name="java.io.tmpdir" value="C:\Users\ADMINI~1\AppData\Local\Temp\"/>
    <property name="java.version" value="14.0.1"/>
    <property name="user.dir" value="E:\test\SpringBoot-Test"/>
    <property name="os.arch" value="amd64"/>
    <property name="java.vm.specification.name" value="Java Virtual Machine Specification"/>
    <property name="sun.os.patch.level" value=""/>
    <property name="java.library.path" value="E:\JAVA\jdk\bin;C:\WINDOWS\Sun\Java\bin;C:\WINDOWS\system32;C:\WINDOWS;E:\Oracle\OracleDateBase\app\oracle\product\11.2.0\server\bin;C:\Windows\system32;C:\Windows;C:\Windows\System32\Wbem;C:\Windows\System32\WindowsPowerShell\v1.0\;C:\Program Files (x86)\NVIDIA Corporation\PhysX\Common;C:\WINDOWS\system32;C:\WINDOWS;C:\WINDOWS\System32\Wbem;C:\WINDOWS\System32\WindowsPowerShell\v1.0\;C:\WINDOWS\System32\OpenSSH\;E:\JAVA\jdk\bin;E:\JAVA\jdk\lib;E:\JAVA\jdk\bin;E:\Oracle\service\ora90\BIN\;E:\JAVA\Maven\bin;C:\Users\Administrator\AppData\Local\Microsoft\WindowsApps;;E:\VS CODE\Microsoft VS Code\bin;."/>
    <property name="java.vm.info" value="mixed mode, sharing"/>
    <property name="java.vendor" value="Oracle Corporation"/>
    <property name="java.vm.version" value="14.0.1+7"/>
    <property name="sun.io.unicode.encoding" value="UnicodeLittle"/>
    <property name="maven.repo.local" value="E:\JAVA\Maven\repository"/>
    <property name="java.class.version" value="58.0"/>
  </properties>
  <testcase name="testemp" classname="TestSpringBoot" time="3.499"/>
  <testcase name="test1" classname="TestSpringBoot" time="0.016"/>
</testsuite>